[M::syncasm] collected syncmers from 2687794 target sequence(s)
[M::sr_db_stat] number syncmers collected: 52888164
[M::sr_db_stat] number syncmers per read: 19.677
[M::sr_db_stat] average kmer space: -549.656
[M::sr_db_stat] number uniqe smer: 1423055; singletons: 556894 (39.134%)
[M::sr_db_stat] average smer count: 37.165
[M::sr_db_stat] smer peak_hom: 45; peak_het: -1
[M::sr_db_stat] number uniqe kmer: 8147733; singletons: 7003614 (85.958%)
[M::sr_db_stat] average kmer count: 6.491
[M::sr_db_stat] kmer peak_hom: 38; peak_het: -1
[M::find_error_syncmers] error syncmer candidates: num = 8143880, max_c = 886
[M::read_error_correction] Error Correction Summary Results
[M::read_error_correction] total number of error blocks : 1082118
[M::read_error_correction]                - uncorrected : 186442
[M::read_error_correction]                  - corrected : 887641
[M::read_error_correction]             - ambiguous seqs : 0
[M::read_error_correction]             - ambiguous path : 811
[M::sr_db_stat] number syncmers collected: 52973294
[M::sr_db_stat] number syncmers per read: 19.709
[M::sr_db_stat] average kmer space: -550.882
[M::sr_db_stat] number uniqe smer: 1401620; singletons: 543351 (38.766%)
[M::sr_db_stat] average smer count: 37.794
[M::sr_db_stat] smer peak_hom: 45; peak_het: -1
[M::sr_db_stat] number uniqe kmer: 7479066; singletons: 6407612 (85.674%)
[M::sr_db_stat] average kmer count: 7.083
[M::sr_db_stat] kmer peak_hom: 38; peak_het: -1
[M::syncasm] make syncmer graph
[M::syncasm] syncmer graph stats
[M::scg_stat] number unitigs  : 5980
[M::scg_stat] number syncmers : 5980
[M::scg_stat] number arcs     : 11096
[M::syncasm] syncmer graph unitigging
[M::syncasm] syncmer graph stats after unitigging
[M::scg_stat] number unitigs  : 1567
[M::scg_stat] number syncmers : 5980
[M::scg_stat] number arcs     : 2270
[M::syncasm] syncmer graph cleanup
[M::syncasm] assembly graph unzipping
[M::scg_read_alignment] 2687592 mappable reads, 327050 mapped (327050 unique mapping)
[M::scg_read_alignment] 2687592 mappable reads, 107316 mapped (107316 unique mapping)
[M::scg_read_alignment] 2687592 mappable reads, 55853 mapped (55853 unique mapping)
[M::scg_read_alignment] 2687592 mappable reads, 52019 mapped (52013 unique mapping)
[M::scg_read_alignment] 2687592 mappable reads, 326263 mapped (326263 unique mapping)
[M::scg_read_alignment] 2687592 mappable reads, 323889 mapped (323889 unique mapping)
[M::syncasm] syncmer graph stats after final processing
[M::scg_stat] number unitigs  : 472
[M::scg_stat] number syncmers : 2835
[M::scg_stat] number arcs     : 1262
[M::annot_worker_pipeline] 472 sequences (2069431 bp) loaded in 19 batches
[M::annot_worker_pipeline] 472 sequences (2069431 bp) loaded in 19 batches
[W::gfa_parse_L] the coverage of arc 'u7-' -> 'u193+' is zero
[W::gfa_parse_L] the coverage of arc 'u193-' -> 'u7+' is zero
[W::gfa_parse_L] the coverage of arc 'u26-' -> 'u365-' is zero
[W::gfa_parse_L] the coverage of arc 'u365+' -> 'u26+' is zero
[W::gfa_parse_L] the coverage of arc 'u45-' -> 'u385+' is zero
[W::gfa_parse_L] the coverage of arc 'u385-' -> 'u45+' is zero
[W::gfa_parse_L] the coverage of arc 'u47-' -> 'u45-' is zero
[W::gfa_parse_L] the coverage of arc 'u45+' -> 'u47+' is zero
[W::gfa_parse_L] the coverage of arc 'u57-' -> 'u57-' is zero
[W::gfa_parse_L] the coverage of arc 'u57+' -> 'u57+' is zero
[W::gfa_parse_L] the coverage of arc 'u90+' -> 'u407+' is zero
[W::gfa_parse_L] the coverage of arc 'u407-' -> 'u90-' is zero
[W::gfa_parse_L] the coverage of arc 'u193+' -> 'u195+' is zero
[W::gfa_parse_L] the coverage of arc 'u195-' -> 'u193-' is zero
[W::gfa_parse_L] the coverage of arc 'u198+' -> 'u199-' is zero
[W::gfa_parse_L] the coverage of arc 'u199+' -> 'u198-' is zero
[W::gfa_parse_L] the coverage of arc 'u199-' -> 'u198+' is zero
[W::gfa_parse_L] the coverage of arc 'u198-' -> 'u199+' is zero
[W::gfa_parse_L] the coverage of arc 'u206+' -> 'u208-' is zero
[W::gfa_parse_L] the coverage of arc 'u208+' -> 'u206-' is zero
[W::gfa_parse_L] the coverage of arc 'u208-' -> 'u206+' is zero
[W::gfa_parse_L] the coverage of arc 'u206-' -> 'u208+' is zero
[W::gfa_parse_L] the coverage of arc 'u245+' -> 'u247-' is zero
[W::gfa_parse_L] the coverage of arc 'u247+' -> 'u245-' is zero
[W::gfa_parse_L] the coverage of arc 'u245-' -> 'u247+' is zero
[W::gfa_parse_L] the coverage of arc 'u247-' -> 'u245+' is zero
[W::gfa_parse_L] the coverage of arc 'u249-' -> 'u250+' is zero
[W::gfa_parse_L] the coverage of arc 'u250-' -> 'u249+' is zero
[W::gfa_parse_L] the coverage of arc 'u249-' -> 'u251+' is zero
[W::gfa_parse_L] the coverage of arc 'u251-' -> 'u249+' is zero
[W::gfa_parse_L] the coverage of arc 'u250+' -> 'u466-' is zero
[W::gfa_parse_L] the coverage of arc 'u466+' -> 'u250-' is zero
[W::gfa_parse_L] the coverage of arc 'u251+' -> 'u466-' is zero
[W::gfa_parse_L] the coverage of arc 'u466+' -> 'u251-' is zero
[W::gfa_parse_L] the coverage of arc 'u252-' -> 'u253+' is zero
[W::gfa_parse_L] the coverage of arc 'u253-' -> 'u252+' is zero
[W::gfa_parse_L] the coverage of arc 'u252-' -> 'u254+' is zero
[W::gfa_parse_L] the coverage of arc 'u254-' -> 'u252+' is zero
[W::gfa_parse_L] the coverage of arc 'u253+' -> 'u255+' is zero
[W::gfa_parse_L] the coverage of arc 'u255-' -> 'u253-' is zero
[W::gfa_parse_L] the coverage of arc 'u254+' -> 'u255+' is zero
[W::gfa_parse_L] the coverage of arc 'u255-' -> 'u254-' is zero
[W::gfa_parse_L] the coverage of arc 'u256-' -> 'u467-' is zero
[W::gfa_parse_L] the coverage of arc 'u467+' -> 'u256+' is zero
[W::gfa_parse_L] the coverage of arc 'u256-' -> 'u468-' is zero
[W::gfa_parse_L] the coverage of arc 'u468+' -> 'u256+' is zero
[W::gfa_parse_L] the coverage of arc 'u257-' -> 'u470+' is zero
[W::gfa_parse_L] the coverage of arc 'u470-' -> 'u257+' is zero
[W::gfa_parse_L] the coverage of arc 'u257-' -> 'u471+' is zero
[W::gfa_parse_L] the coverage of arc 'u471-' -> 'u257+' is zero
[W::gfa_parse_L] the coverage of arc 'u291-' -> 'u291-' is zero
[W::gfa_parse_L] the coverage of arc 'u291+' -> 'u291+' is zero
[W::gfa_parse_L] the coverage of arc 'u295-' -> 'u295-' is zero
[W::gfa_parse_L] the coverage of arc 'u295+' -> 'u295+' is zero
[W::gfa_parse_L] the coverage of arc 'u301-' -> 'u301-' is zero
[W::gfa_parse_L] the coverage of arc 'u301+' -> 'u301+' is zero
[W::gfa_parse_L] the coverage of arc 'u304-' -> 'u304-' is zero
[W::gfa_parse_L] the coverage of arc 'u304+' -> 'u304+' is zero
[W::gfa_parse_L] the coverage of arc 'u305-' -> 'u305-' is zero
[W::gfa_parse_L] the coverage of arc 'u305+' -> 'u305+' is zero
[W::gfa_parse_L] the coverage of arc 'u310-' -> 'u310-' is zero
[W::gfa_parse_L] the coverage of arc 'u310+' -> 'u310+' is zero
[W::gfa_parse_L] the coverage of arc 'u319-' -> 'u319-' is zero
[W::gfa_parse_L] the coverage of arc 'u319+' -> 'u319+' is zero
[W::gfa_parse_L] the coverage of arc 'u324-' -> 'u324-' is zero
[W::gfa_parse_L] the coverage of arc 'u324+' -> 'u324+' is zero
[W::gfa_parse_L] the coverage of arc 'u334-' -> 'u334-' is zero
[W::gfa_parse_L] the coverage of arc 'u334+' -> 'u334+' is zero
[W::gfa_parse_L] the coverage of arc 'u335-' -> 'u335-' is zero
[W::gfa_parse_L] the coverage of arc 'u335+' -> 'u335+' is zero
[W::gfa_parse_L] the coverage of arc 'u339-' -> 'u339-' is zero
[W::gfa_parse_L] the coverage of arc 'u339+' -> 'u339+' is zero
[W::gfa_parse_L] the coverage of arc 'u347-' -> 'u347-' is zero
[W::gfa_parse_L] the coverage of arc 'u347+' -> 'u347+' is zero
[W::gfa_parse_L] the coverage of arc 'u348-' -> 'u348-' is zero
[W::gfa_parse_L] the coverage of arc 'u348+' -> 'u348+' is zero
[W::gfa_parse_L] the coverage of arc 'u352-' -> 'u352-' is zero
[W::gfa_parse_L] the coverage of arc 'u352+' -> 'u352+' is zero
[W::gfa_parse_L] the coverage of arc 'u359-' -> 'u359-' is zero
[W::gfa_parse_L] the coverage of arc 'u359+' -> 'u359+' is zero
[W::gfa_parse_L] the coverage of arc 'u360-' -> 'u360-' is zero
[W::gfa_parse_L] the coverage of arc 'u360+' -> 'u360+' is zero
[W::gfa_parse_L] the coverage of arc 'u361-' -> 'u361-' is zero
[W::gfa_parse_L] the coverage of arc 'u361+' -> 'u361+' is zero
[W::gfa_parse_L] the coverage of arc 'u362-' -> 'u362-' is zero
[W::gfa_parse_L] the coverage of arc 'u362+' -> 'u362+' is zero
[W::gfa_parse_L] the coverage of arc 'u370-' -> 'u26-' is zero
[W::gfa_parse_L] the coverage of arc 'u26+' -> 'u370+' is zero
[W::gfa_parse_L] the coverage of arc 'u388+' -> 'u390+' is zero
[W::gfa_parse_L] the coverage of arc 'u390-' -> 'u388-' is zero
[W::gfa_parse_L] the coverage of arc 'u444+' -> 'u173-' is zero
[W::gfa_parse_L] the coverage of arc 'u173+' -> 'u444-' is zero
[W::gfa_parse_L] the coverage of arc 'u447+' -> 'u194+' is zero
[W::gfa_parse_L] the coverage of arc 'u194-' -> 'u447-' is zero
[W::gfa_parse_L] the coverage of arc 'u447-' -> 'u7-' is zero
[W::gfa_parse_L] the coverage of arc 'u7+' -> 'u447+' is zero
[W::gfa_parse_L] the coverage of arc 'u448-' -> 'u195+' is zero
[W::gfa_parse_L] the coverage of arc 'u195-' -> 'u448+' is zero
[W::gfa_parse_L] the coverage of arc 'u467-' -> 'u469+' is zero
[W::gfa_parse_L] the coverage of arc 'u469-' -> 'u467+' is zero
[W::gfa_parse_L] the coverage of arc 'u468-' -> 'u469+' is zero
[W::gfa_parse_L] the coverage of arc 'u469-' -> 'u468+' is zero
[W::gfa_parse_L] the coverage of arc 'u470+' -> 'u258+' is zero
[W::gfa_parse_L] the coverage of arc 'u258-' -> 'u470-' is zero
[W::gfa_parse_L] the coverage of arc 'u471+' -> 'u258+' is zero
[W::gfa_parse_L] the coverage of arc 'u258-' -> 'u471-' is zero
[M::main] Version: 1.0
[M::main] CMD: /mnt/shared/scratch/msmith/apps//oatk/oatk -c 100 -t 8 -m /mnt/shared/scratch/msmith/apps/oatk/OatkDB/v20230921/embryophyta_mito.fam -p /mnt/shared/scratch/msmith/apps/oatk/OatkDB/v20230921/embryophyta_pltd.fam -o organelle/oatk /mnt/shared/projects/jhi/potato/202210_Sver-HiFi_Moray/Solanum_verrucosum_54_hifi_reads.fastq.gz
[M::main] Real time: 1114.153 sec; CPU: 2212.595 sec; Peak RSS: 48.831 GB
