[bwa_index] Pack FASTA... 5.02 sec
[bwa_index] Construct BWT for the packed sequence...
[BWTIncCreate] textLength=1517108410, availableWord=118749004
[BWTIncConstructFromPacked] 10 iterations done. 99999994 characters processed.
[BWTIncConstructFromPacked] 20 iterations done. 199999994 characters processed.
[BWTIncConstructFromPacked] 30 iterations done. 299999994 characters processed.
[BWTIncConstructFromPacked] 40 iterations done. 399999994 characters processed.
[BWTIncConstructFromPacked] 50 iterations done. 499999994 characters processed.
[BWTIncConstructFromPacked] 60 iterations done. 599999994 characters processed.
[BWTIncConstructFromPacked] 70 iterations done. 699999994 characters processed.
[BWTIncConstructFromPacked] 80 iterations done. 799999994 characters processed.
[BWTIncConstructFromPacked] 90 iterations done. 897943626 characters processed.
[BWTIncConstructFromPacked] 100 iterations done. 985854714 characters processed.
[BWTIncConstructFromPacked] 110 iterations done. 1063986314 characters processed.
[BWTIncConstructFromPacked] 120 iterations done. 1133425882 characters processed.
[BWTIncConstructFromPacked] 130 iterations done. 1195139930 characters processed.
[BWTIncConstructFromPacked] 140 iterations done. 1249987482 characters processed.
[BWTIncConstructFromPacked] 150 iterations done. 1298732154 characters processed.
[BWTIncConstructFromPacked] 160 iterations done. 1342052490 characters processed.
[BWTIncConstructFromPacked] 170 iterations done. 1380551706 characters processed.
[BWTIncConstructFromPacked] 180 iterations done. 1414765898 characters processed.
[BWTIncConstructFromPacked] 190 iterations done. 1445171482 characters processed.
[BWTIncConstructFromPacked] 200 iterations done. 1472192026 characters processed.
[BWTIncConstructFromPacked] 210 iterations done. 1496203962 characters processed.
[BWTIncConstructFromPacked] 220 iterations done. 1517108410 characters processed.
[bwt_gen] Finished constructing BWT in 220 iterations.
[bwa_index] 555.87 seconds elapse.
[bwa_index] Update BWT... 3.27 sec
[bwa_index] Pack forward-only FASTA... 3.02 sec
[bwa_index] Construct SA from BWT and Occ... 171.53 sec
[main] Version: 0.7.17-r1188
[main] CMD: bwa index assembly/hifiasm.p_ctg.fa
[main] Real time: 756.931 sec; CPU: 738.709 sec

gzip: stdin: unexpected end of file
[M::bwa_idx_load_from_disk] read 0 ALT contigs
[W::bseq_read] the 2nd file has fewer sequences.
[W::bseq_read] the 2nd file has fewer sequences.
[main] Version: 0.7.17-r1188
[main] CMD: bwa mem -5SP -T0 -t 16 -o /tmp/msmith_15907073/aligned.sam assembly/hifiasm.p_ctg.fa /dev/fd/63 /dev/fd/62
[main] Real time: 2.244 sec; CPU: 0.595 sec
WARNING:pairtools:Empty of fully duplicated library, can't estimate complexity
